test hello
23456.897
house 2001
telefon 30
shirt 5
test hello
23456.897
house 2001
telefon 30
shirt 5
No LSB modules are available.
6 lines have been saved
4 lines have been retured from the command lsb_release -a
Distributor ID:	Ubuntu
Description:	Ubuntu 22.04.5 LTS
Release:	22.04
Codename:	jammy
1 lines have been retured from the command lsb_release -a
96886
1 lines have been saved
1 lines have been retured from the command lsb_release -a
96886
1 lines have been saved
1 lines have been retured from the command lsb_release -a
96886
1 lines have been saved
1 lines have been retured from the command lsb_release -a
96886
1 lines have been saved
1 lines have been retured from the command lsb_release -a
96886
1 lines have been saved
1 lines have been retured from the command lsb_release -a
96886
1 lines have been saved
1 lines have been retured from the command lsb_release -a
null
1 lines have been saved
1 lines have been retured from the command lsb_release -a
null
1 lines have been saved
1 lines have been retured from the command lsb_release -a
null
1 lines have been saved
1 lines have been retured from the command lsb_release -a
null
1 lines have been saved
1 lines have been retured from the command lsb_release -a
null
1 lines have been saved
1 lines have been retured from the command lsb_release -a
null
1 lines have been saved
1 lines have been retured from the command lsb_release -a
null
1 lines have been saved
1 lines have been retured from the command lsb_release -a
null
1 lines have been saved
1 lines have been retured from the command lsb_release -a
null
1 lines have been saved
1 lines have been retured from the command lsb_release -a
null
1 lines have been saved
1 lines have been retured from the command lsb_release -a
null
1 lines have been saved
1 lines have been retured from the command lsb_release -a
null
1 lines have been saved
1 lines have been retured from the command lsb_release -a
96886
1 lines have been saved
1 lines have been retured from the command lsb_release -a
96886
1 lines have been saved
1 lines have been retured from the command lsb_release -a
96886
1 lines have been saved
1 lines have been retured from the command lsb_release -a
96886
1 lines have been saved
1 lines have been retured from the command lsb_release -a
null
1 lines have been saved
1 lines have been retured from the command lsb_release -a
null
1 lines have been saved
1 lines have been retured from the command lsb_release -a
null
1 lines have been saved
1 lines have been retured from the command lsb_release -a
null
1 lines have been saved
1 lines have been retured from the command lsb_release -a
null
1 lines have been saved
1 lines have been retured from the command lsb_release -a
null
1 lines have been saved
1 lines have been retured from the command lsb_release -a
null
1 lines have been saved
1 lines have been retured from the command lsb_release -a
null
1 lines have been saved
1 lines have been retured from the command lsb_release -a
null
1 lines have been saved
1 lines have been retured from the command lsb_release -a
null
1 lines have been saved
1 lines have been retured from the command lsb_release -a
null
1 lines have been saved
1 lines have been retured from the command lsb_release -a
null
1 lines have been saved
1 lines have been retured from the command lsb_release -a
96886
1 lines have been saved
1 lines have been retured from the command lsb_release -a
96886
1 lines have been saved
1 lines have been retured from the command lsb_release -a
96886
1 lines have been saved
1 lines have been retured from the command lsb_release -a
96886
1 lines have been saved
1 lines have been retured from the command lsb_release -a
96886
1 lines have been saved
1 lines have been retured from the command lsb_release -a
96816
1 lines have been saved
1 lines have been retured from the command lsb_release -a
null
1 lines have been saved
1 lines have been retured from the command lsb_release -a
null
1 lines have been saved
1 lines have been retured from the command lsb_release -a
null
1 lines have been saved
1 lines have been retured from the command lsb_release -a
null
1 lines have been saved
1 lines have been retured from the command lsb_release -a
null
1 lines have been saved
1 lines have been retured from the command lsb_release -a
null
1 lines have been saved
1 lines have been retured from the command lsb_release -a
null
1 lines have been saved
1 lines have been retured from the command lsb_release -a
null
1 lines have been saved
1 lines have been retured from the command lsb_release -a
null
1 lines have been saved
1 lines have been retured from the command lsb_release -a
null
1 lines have been saved
1 lines have been retured from the command lsb_release -a
null
1 lines have been saved
1 lines have been retured from the command lsb_release -a
null
1 lines have been saved
1 lines have been retured from the command lsb_release -a
96816
1 lines have been saved
1 lines have been retured from the command lsb_release -a
96816
1 lines have been saved
1 lines have been retured from the command lsb_release -a
96816
1 lines have been saved
1 lines have been retured from the command lsb_release -a
96816
1 lines have been saved
1 lines have been retured from the command lsb_release -a
96816
1 lines have been saved
1 lines have been retured from the command lsb_release -a
null
1 lines have been saved
1 lines have been retured from the command lsb_release -a
null
1 lines have been saved
1 lines have been retured from the command lsb_release -a
null
1 lines have been saved
1 lines have been retured from the command lsb_release -a
null
1 lines have been saved
1 lines have been retured from the command lsb_release -a
null
1 lines have been saved
1 lines have been retured from the command lsb_release -a
null
1 lines have been saved
1 lines have been retured from the command lsb_release -a
null
1 lines have been saved
1 lines have been retured from the command lsb_release -a
null
1 lines have been saved
1 lines have been retured from the command lsb_release -a
null
1 lines have been saved
1 lines have been retured from the command lsb_release -a
null
1 lines have been saved
1 lines have been retured from the command lsb_release -a
null
1 lines have been saved
1 lines have been retured from the command lsb_release -a
null
1 lines have been saved
1 lines have been retured from the command lsb_release -a
96816
1 lines have been saved
1 lines have been retured from the command lsb_release -a
96816
1 lines have been saved
1 lines have been retured from the command lsb_release -a
96816
1 lines have been saved
1 lines have been retured from the command lsb_release -a
96816
1 lines have been saved
1 lines have been retured from the command lsb_release -a
96816
1 lines have been saved
1 lines have been retured from the command lsb_release -a
96816
1 lines have been saved
1 lines have been retured from the command lsb_release -a
null
1 lines have been saved
1 lines have been retured from the command lsb_release -a
null
1 lines have been saved
1 lines have been retured from the command lsb_release -a
null
1 lines have been saved
1 lines have been retured from the command lsb_release -a
null
1 lines have been saved
1 lines have been retured from the command lsb_release -a
null
1 lines have been saved
1 lines have been retured from the command lsb_release -a
null
1 lines have been saved
1 lines have been retured from the command lsb_release -a
null
1 lines have been saved
1 lines have been retured from the command lsb_release -a
null
1 lines have been saved
1 lines have been retured from the command lsb_release -a
null
1 lines have been saved
1 lines have been retured from the command lsb_release -a
null
1 lines have been saved
1 lines have been retured from the command lsb_release -a
null
1 lines have been saved
1 lines have been retured from the command lsb_release -a
null
1 lines have been saved
1 lines have been retured from the command lsb_release -a
96816
1 lines have been saved
1 lines have been retured from the command lsb_release -a
96816
1 lines have been saved
1 lines have been retured from the command lsb_release -a
96816
1 lines have been saved
1 lines have been retured from the command lsb_release -a
96816
1 lines have been saved
1 lines have been retured from the command lsb_release -a
96816
1 lines have been saved
1 lines have been retured from the command lsb_release -a
null
1 lines have been saved
1 lines have been retured from the command lsb_release -a
null
1 lines have been saved
1 lines have been retured from the command lsb_release -a
null
1 lines have been saved
1 lines have been retured from the command lsb_release -a
null
1 lines have been saved
1 lines have been retured from the command lsb_release -a
null
1 lines have been saved
1 lines have been retured from the command lsb_release -a
null
1 lines have been saved
1 lines have been retured from the command lsb_release -a
null
1 lines have been saved
1 lines have been retured from the command lsb_release -a
null
1 lines have been saved
1 lines have been retured from the command lsb_release -a
null
1 lines have been saved
1 lines have been retured from the command lsb_release -a
null
1 lines have been saved
1 lines have been retured from the command lsb_release -a
null
1 lines have been saved
1 lines have been retured from the command lsb_release -a
null
1 lines have been saved
1 lines have been retured from the command lsb_release -a
96790
1 lines have been saved
1 lines have been retured from the command lsb_release -a
96790
1 lines have been saved
1 lines have been retured from the command lsb_release -a
96790
1 lines have been saved
1 lines have been retured from the command lsb_release -a
96790
1 lines have been saved
1 lines have been retured from the command lsb_release -a
96790
1 lines have been saved
1 lines have been retured from the command lsb_release -a
96790
1 lines have been saved
1 lines have been retured from the command lsb_release -a
null
1 lines have been saved
1 lines have been retured from the command lsb_release -a
null
1 lines have been saved
1 lines have been retured from the command lsb_release -a
null
1 lines have been saved
1 lines have been retured from the command lsb_release -a
null
1 lines have been saved
1 lines have been retured from the command lsb_release -a
null
1 lines have been saved
1 lines have been retured from the command lsb_release -a
null
1 lines have been saved
1 lines have been retured from the command lsb_release -a
null
1 lines have been saved
1 lines have been retured from the command lsb_release -a
null
1 lines have been saved
1 lines have been retured from the command lsb_release -a
null
1 lines have been saved
1 lines have been retured from the command lsb_release -a
null
1 lines have been saved
1 lines have been retured from the command lsb_release -a
null
1 lines have been saved
1 lines have been retured from the command lsb_release -a
null
1 lines have been saved
1 lines have been retured from the command lsb_release -a
96790
1 lines have been saved
1 lines have been retured from the command lsb_release -a
96790
1 lines have been saved
1 lines have been retured from the command lsb_release -a
96790
1 lines have been saved
1 lines have been retured from the command lsb_release -a
96790
1 lines have been saved
1 lines have been retured from the command lsb_release -a
96790
1 lines have been saved
1 lines have been retured from the command lsb_release -a
null
1 lines have been saved
1 lines have been retured from the command lsb_release -a
null
1 lines have been saved
1 lines have been retured from the command lsb_release -a
null
1 lines have been saved
1 lines have been retured from the command lsb_release -a
null
1 lines have been saved
1 lines have been retured from the command lsb_release -a
null
1 lines have been saved
1 lines have been retured from the command lsb_release -a
null
1 lines have been saved
1 lines have been retured from the command lsb_release -a
null
1 lines have been saved
1 lines have been retured from the command lsb_release -a
null
1 lines have been saved
1 lines have been retured from the command lsb_release -a
null
1 lines have been saved
1 lines have been retured from the command lsb_release -a
null
1 lines have been saved
1 lines have been retured from the command lsb_release -a
null
1 lines have been saved
1 lines have been retured from the command lsb_release -a
null
1 lines have been saved
1 lines have been retured from the command lsb_release -a
96790
1 lines have been saved
1 lines have been retured from the command lsb_release -a
96790
1 lines have been saved
1 lines have been retured from the command lsb_release -a
96790
1 lines have been saved
1 lines have been retured from the command lsb_release -a
96790
1 lines have been saved
1 lines have been retured from the command lsb_release -a
96790
1 lines have been saved
1 lines have been retured from the command lsb_release -a
96790
1 lines have been saved
1 lines have been retured from the command lsb_release -a
null
1 lines have been saved
1 lines have been retured from the command lsb_release -a
null
1 lines have been saved
1 lines have been retured from the command lsb_release -a
null
1 lines have been saved
1 lines have been retured from the command lsb_release -a
null
1 lines have been saved
1 lines have been retured from the command lsb_release -a
null
1 lines have been saved
1 lines have been retured from the command lsb_release -a
null
1 lines have been saved
1 lines have been retured from the command lsb_release -a
null
1 lines have been saved
1 lines have been retured from the command lsb_release -a
null
1 lines have been saved
1 lines have been retured from the command lsb_release -a
null
1 lines have been saved
1 lines have been retured from the command lsb_release -a
null
1 lines have been saved
1 lines have been retured from the command lsb_release -a
null
1 lines have been saved
1 lines have been retured from the command lsb_release -a
null
1 lines have been saved
1 lines have been retured from the command lsb_release -a
96790
1 lines have been saved
1 lines have been retured from the command lsb_release -a
96790
1 lines have been saved
1 lines have been retured from the command lsb_release -a
96790
1 lines have been saved
1 lines have been retured from the command lsb_release -a
96790
1 lines have been saved
1 lines have been retured from the command lsb_release -a
96790
1 lines have been saved
1 lines have been retured from the command lsb_release -a
null
1 lines have been saved
1 lines have been retured from the command lsb_release -a
null
1 lines have been saved
1 lines have been retured from the command lsb_release -a
null
1 lines have been saved
1 lines have been retured from the command lsb_release -a
null
1 lines have been saved
1 lines have been retured from the command lsb_release -a
null
1 lines have been saved
1 lines have been retured from the command lsb_release -a
null
1 lines have been saved
1 lines have been retured from the command lsb_release -a
null
1 lines have been saved
1 lines have been retured from the command lsb_release -a
null
1 lines have been saved
1 lines have been retured from the command lsb_release -a
null
1 lines have been saved
1 lines have been retured from the command lsb_release -a
null
1 lines have been saved
1 lines have been retured from the command lsb_release -a
null
1 lines have been saved
1 lines have been retured from the command lsb_release -a
null
1 lines have been saved
1 lines have been retured from the command lsb_release -a
96884
1 lines have been saved
1 lines have been retured from the command lsb_release -a
96884
1 lines have been saved
1 lines have been retured from the command lsb_release -a
96884
1 lines have been saved
1 lines have been retured from the command lsb_release -a
96884
1 lines have been saved
1 lines have been retured from the command lsb_release -a
96884
1 lines have been saved
1 lines have been retured from the command lsb_release -a
null
1 lines have been saved
1 lines have been retured from the command lsb_release -a
null
1 lines have been saved
1 lines have been retured from the command lsb_release -a
null
1 lines have been saved
1 lines have been retured from the command lsb_release -a
null
1 lines have been saved
1 lines have been retured from the command lsb_release -a
null
1 lines have been saved
1 lines have been retured from the command lsb_release -a
null
1 lines have been saved
1 lines have been retured from the command lsb_release -a
null
1 lines have been saved
1 lines have been retured from the command lsb_release -a
null
1 lines have been saved
1 lines have been retured from the command lsb_release -a
null
1 lines have been saved
1 lines have been retured from the command lsb_release -a
null
1 lines have been saved
1 lines have been retured from the command lsb_release -a
null
1 lines have been saved
1 lines have been retured from the command lsb_release -a
null
1 lines have been saved
1 lines have been retured from the command lsb_release -a
96884
1 lines have been saved
1 lines have been retured from the command lsb_release -a
96884
1 lines have been saved
1 lines have been retured from the command lsb_release -a
96884
1 lines have been saved
1 lines have been retured from the command lsb_release -a
96884
1 lines have been saved
1 lines have been retured from the command lsb_release -a
96884
1 lines have been saved
1 lines have been retured from the command lsb_release -a
null
1 lines have been saved
1 lines have been retured from the command lsb_release -a
null
1 lines have been saved
1 lines have been retured from the command lsb_release -a
null
1 lines have been saved
1 lines have been retured from the command lsb_release -a
null
1 lines have been saved
1 lines have been retured from the command lsb_release -a
null
1 lines have been saved
1 lines have been retured from the command lsb_release -a
null
1 lines have been saved
1 lines have been retured from the command lsb_release -a
null
1 lines have been saved
1 lines have been retured from the command lsb_release -a
null
1 lines have been saved
1 lines have been retured from the command lsb_release -a
null
1 lines have been saved
1 lines have been retured from the command lsb_release -a
null
1 lines have been saved
1 lines have been retured from the command lsb_release -a
null
1 lines have been saved
1 lines have been retured from the command lsb_release -a
null
1 lines have been saved
1 lines have been retured from the command lsb_release -a
96884
1 lines have been saved
1 lines have been retured from the command lsb_release -a
96884
1 lines have been saved
1 lines have been retured from the command lsb_release -a
96884
1 lines have been saved
1 lines have been retured from the command lsb_release -a
96884
1 lines have been saved
1 lines have been retured from the command lsb_release -a
null
1 lines have been saved
1 lines have been retured from the command lsb_release -a
null
1 lines have been saved
1 lines have been retured from the command lsb_release -a
null
1 lines have been saved
1 lines have been retured from the command lsb_release -a
null
1 lines have been saved
1 lines have been retured from the command lsb_release -a
null
1 lines have been saved
1 lines have been retured from the command lsb_release -a
null
1 lines have been saved
1 lines have been retured from the command lsb_release -a
null
1 lines have been saved
1 lines have been retured from the command lsb_release -a
null
1 lines have been saved
1 lines have been retured from the command lsb_release -a
null
1 lines have been saved
1 lines have been retured from the command lsb_release -a
null
1 lines have been saved
1 lines have been retured from the command lsb_release -a
null
1 lines have been saved
1 lines have been retured from the command lsb_release -a
null
1 lines have been saved
1 lines have been retured from the command lsb_release -a
96884
1 lines have been saved
1 lines have been retured from the command lsb_release -a
96884
1 lines have been saved
1 lines have been retured from the command lsb_release -a
96884
1 lines have been saved
1 lines have been retured from the command lsb_release -a
96884
1 lines have been saved
1 lines have been retured from the command lsb_release -a
96884
1 lines have been saved
1 lines have been retured from the command lsb_release -a
96884
1 lines have been saved
1 lines have been retured from the command lsb_release -a
null
1 lines have been saved
1 lines have been retured from the command lsb_release -a
null
1 lines have been saved
1 lines have been retured from the command lsb_release -a
null
1 lines have been saved
1 lines have been retured from the command lsb_release -a
null
1 lines have been saved
1 lines have been retured from the command lsb_release -a
null
1 lines have been saved
1 lines have been retured from the command lsb_release -a
null
1 lines have been saved
1 lines have been retured from the command lsb_release -a
null
1 lines have been saved
1 lines have been retured from the command lsb_release -a
null
1 lines have been saved
1 lines have been retured from the command lsb_release -a
null
1 lines have been saved
1 lines have been retured from the command lsb_release -a
null
1 lines have been saved
1 lines have been retured from the command lsb_release -a
null
1 lines have been saved
1 lines have been retured from the command lsb_release -a
null
1 lines have been saved
1 lines have been retured from the command lsb_release -a
96866
1 lines have been saved
1 lines have been retured from the command lsb_release -a
96866
1 lines have been saved
1 lines have been retured from the command lsb_release -a
96866
1 lines have been saved
1 lines have been retured from the command lsb_release -a
96866
1 lines have been saved
1 lines have been retured from the command lsb_release -a
96866
1 lines have been saved
1 lines have been retured from the command lsb_release -a
null
1 lines have been saved
1 lines have been retured from the command lsb_release -a
null
1 lines have been saved
1 lines have been retured from the command lsb_release -a
null
1 lines have been saved
1 lines have been retured from the command lsb_release -a
null
1 lines have been saved
1 lines have been retured from the command lsb_release -a
null
1 lines have been saved
1 lines have been retured from the command lsb_release -a
null
1 lines have been saved
1 lines have been retured from the command lsb_release -a
null
1 lines have been saved
1 lines have been retured from the command lsb_release -a
null
1 lines have been saved
1 lines have been retured from the command lsb_release -a
null
1 lines have been saved
1 lines have been retured from the command lsb_release -a
null
1 lines have been saved
1 lines have been retured from the command lsb_release -a
null
1 lines have been saved
1 lines have been retured from the command lsb_release -a
null
1 lines have been saved
1 lines have been retured from the command lsb_release -a
96866
1 lines have been saved
1 lines have been retured from the command lsb_release -a
96866
1 lines have been saved
1 lines have been retured from the command lsb_release -a
96866
1 lines have been saved
1 lines have been retured from the command lsb_release -a
96866
1 lines have been saved
1 lines have been retured from the command lsb_release -a
96866
1 lines have been saved
1 lines have been retured from the command lsb_release -a
96866
1 lines have been saved
1 lines have been retured from the command lsb_release -a
null
1 lines have been saved
1 lines have been retured from the command lsb_release -a
null
1 lines have been saved
1 lines have been retured from the command lsb_release -a
null
1 lines have been saved
1 lines have been retured from the command lsb_release -a
null
1 lines have been saved
1 lines have been retured from the command lsb_release -a
null
1 lines have been saved
1 lines have been retured from the command lsb_release -a
null
1 lines have been saved
1 lines have been retured from the command lsb_release -a
null
1 lines have been saved
1 lines have been retured from the command lsb_release -a
null
1 lines have been saved
1 lines have been retured from the command lsb_release -a
null
1 lines have been saved
1 lines have been retured from the command lsb_release -a
null
1 lines have been saved
1 lines have been retured from the command lsb_release -a
null
1 lines have been saved
1 lines have been retured from the command lsb_release -a
null
1 lines have been saved
1 lines have been retured from the command lsb_release -a
96866
1 lines have been saved
1 lines have been retured from the command lsb_release -a
96866
1 lines have been saved
1 lines have been retured from the command lsb_release -a
96866
1 lines have been saved
1 lines have been retured from the command lsb_release -a
96866
1 lines have been saved
1 lines have been retured from the command lsb_release -a
96866
1 lines have been saved
1 lines have been retured from the command lsb_release -a
null
1 lines have been saved
1 lines have been retured from the command lsb_release -a
null
1 lines have been saved
1 lines have been retured from the command lsb_release -a
null
1 lines have been saved
1 lines have been retured from the command lsb_release -a
null
1 lines have been saved
1 lines have been retured from the command lsb_release -a
null
